0	1	mikroCPIC1618.exe -MSF -DBG -pP18F1220 -GC -DL -O11111114 -fo10 -N"E:\FONTE_DE_BANCADA\Instrumentacao_fonte\Monitor_Fonte\Firmware\firmware_monitor.mcppi" -SP"C:\Program Files\mikroC PRO for PIC\Defs\" -SP"C:\Program Files\mikroC PRO for PIC\uses\P18\" -SP"E:\FONTE_DE_BANCADA\Instrumentacao_fonte\Monitor_Fonte\Firmware\" -IP"C:\Program Files\mikroC PRO for PIC\uses\P18\" -IP"E:\FONTE_DE_BANCADA\Instrumentacao_fonte\Monitor_Fonte\Firmware\" "firmware_monitor.c" "Device.c" "__Lib_Math.mcl" "__Lib_MathDouble.mcl" "__Lib_System.mcl" "__Lib_Delays.mcl" "__Lib_CType.mcl" "__Lib_CString.mcl" "__Lib_CStdlib.mcl" "__Lib_CMath.mcl" "__Lib_MemManager.mcl" "__Lib_Conversions.mcl" "__Lib_Sprintf.mcl" "__Lib_PrintOut.mcl" "__Lib_Sprinti.mcl" "__Lib_Sprintl.mcl" "__Lib_Time.mcl" "__Lib_Trigonometry.mcl" "__Lib_Button.mcl" "__Lib_Keypad4x4.mcl" "__Lib_Manchester.mcl" "__Lib_OneWire.mcl" "__Lib_PS2.mcl" "__Lib_Sound.mcl" "__Lib_SoftI2C.mcl" "__Lib_SoftSPI.mcl" "__Lib_SoftUART.mcl" "__Lib_ADC_1x20.mcl" "__Lib_EEPROM_256.mcl" "__Lib_FLASH_w8_e64.mcl" "__Lib_PWM_b3.mcl" "__Lib_UART_b14.mcl" "__Lib_CF.mcl" "__Lib_CFFat16.mcl" "__Lib_GlcdFonts.mcl" "__Lib_Glcd.mcl" "__Lib_LcdConsts.mcl" "__Lib_Lcd.mcl" "__Lib_RS485.mcl" "__Lib_S1D13700.mcl" "__Lib_T6963C.mcl" "__Lib_TouchPanel.mcl"	 
hint: 0	1139	Available RAM: 235 [bytes], Available ROM: 4096 [bytes]	 
diagnostics: 0	122	Compilation Started	device.h
diagnostics: 17	123	Compiled Successfully	firmware_monitor.c
diagnostics: 0	122	Compilation Started	device.h
warning: 76	1503	Result is not defined in function: 'Device_init'	Device.c
warning: 87	1503	Result is not defined in function: 'Device_GPIO_init'	Device.c
warning: 99	1503	Result is not defined in function: 'Device_ADC_init'	Device.c
warning: 121	1503	Result is not defined in function: 'Device_display_init'	Device.c
warning: 166	1503	Result is not defined in function: 'Device_run'	Device.c
warning: 185	1503	Result is not defined in function: 'Device_print_voltage_measure'	Device.c
warning: 201	1503	Result is not defined in function: 'Device_print_voltage_fixed_measure'	Device.c
warning: 218	1503	Result is not defined in function: 'Device_print_current_measure'	Device.c
warning: 235	1503	Result is not defined in function: 'Device_print_power_measure'	Device.c
warning: 249	1503	Result is not defined in function: 'Device_print_temperature_measure'	Device.c
diagnostics: 303	123	Compiled Successfully	Device.c
hint: 124	1164	Variable 'voltageFix' has been eliminated by optimizer	Device.c
hint: 124	1164	Variable 'temperatureVar' has been eliminated by optimizer	Device.c
hint: 124	1164	Variable 'powerVar' has been eliminated by optimizer	Device.c
hint: 169	1164	Variable 'uni' has been eliminated by optimizer	Device.c
hint: 204	1164	Variable 'uni' has been eliminated by optimizer	Device.c
diagnostics: 0	127	All files Compiled in 94 ms	 
hint: 0	1144	Used RAM (bytes): 32 (14%)  Free RAM (bytes): 203 (86%)	Used RAM (bytes): 32 (14%)  Free RAM (bytes): 203 (86%)
hint: 0	1144	Used ROM (bytes): 3441 (84%)  Free ROM (bytes): 655 (16%)	Used ROM (bytes): 3441 (84%)  Free ROM (bytes): 655 (16%)
diagnostics: 0	125	Project Linked Successfully	firmware_monitor.mcppi
hint: 0	1004	COFF file successfully generated	COFF file successfully generated
diagnostics: 0	128	Linked in 203 ms	 
diagnostics: 0	129	Project 'firmware_monitor.mcppi' completed: 344 ms	 
diagnostics: 0	103	Finished successfully: 27 fev 2024, 19:19:49	firmware_monitor.mcppi
