Added Component: Designator=C1(RAD-0.2)
Add component (AddParameter): Name = "Manufacturer"; Value = ""; VariantName = "[No Variations]"
Add component (AddParameter): Name = "Package Type"; Value = ""; VariantName = "[No Variations]"
Add component (AddParameter): Name = "PartNumber"; Value = ""; VariantName = "[No Variations]"
Add component (AddParameter): Name = "Value"; Value = "1"; VariantName = "[No Variations]"
Added Component: Designator=C2(CAPPR5-13x21)
Add component (AddParameter): Name = "Manufacturer"; Value = ""; VariantName = "[No Variations]"
Add component (AddParameter): Name = "Package Type"; Value = ""; VariantName = "[No Variations]"
Add component (AddParameter): Name = "PartNumber"; Value = ""; VariantName = "[No Variations]"
Add component (AddParameter): Name = "Value"; Value = ""; VariantName = "[No Variations]"
Added Component: Designator=C3(RAD-0.2)
Add component (AddParameter): Name = "Manufacturer"; Value = ""; VariantName = "[No Variations]"
Add component (AddParameter): Name = "Package Type"; Value = ""; VariantName = "[No Variations]"
Add component (AddParameter): Name = "PartNumber"; Value = ""; VariantName = "[No Variations]"
Add component (AddParameter): Name = "Value"; Value = "1"; VariantName = "[No Variations]"
Added Component: Designator=C4(RAD-0.2)
Add component (AddParameter): Name = "Manufacturer"; Value = ""; VariantName = "[No Variations]"
Add component (AddParameter): Name = "Package Type"; Value = ""; VariantName = "[No Variations]"
Add component (AddParameter): Name = "PartNumber"; Value = ""; VariantName = "[No Variations]"
Add component (AddParameter): Name = "Value"; Value = "1"; VariantName = "[No Variations]"
Added Component: Designator=C5(RAD-0.2)
Add component (AddParameter): Name = "Manufacturer"; Value = ""; VariantName = "[No Variations]"
Add component (AddParameter): Name = "Package Type"; Value = ""; VariantName = "[No Variations]"
Add component (AddParameter): Name = "PartNumber"; Value = ""; VariantName = "[No Variations]"
Add component (AddParameter): Name = "Value"; Value = "1"; VariantName = "[No Variations]"
Added Component: Designator=C6(RAD-0.2)
Add component (AddParameter): Name = "Manufacturer"; Value = ""; VariantName = "[No Variations]"
Add component (AddParameter): Name = "Package Type"; Value = ""; VariantName = "[No Variations]"
Add component (AddParameter): Name = "PartNumber"; Value = ""; VariantName = "[No Variations]"
Add component (AddParameter): Name = "Value"; Value = "1"; VariantName = "[No Variations]"
Added Component: Designator=C7(RAD-0.2)
Add component (AddParameter): Name = "Manufacturer"; Value = ""; VariantName = "[No Variations]"
Add component (AddParameter): Name = "Package Type"; Value = ""; VariantName = "[No Variations]"
Add component (AddParameter): Name = "PartNumber"; Value = ""; VariantName = "[No Variations]"
Add component (AddParameter): Name = "Value"; Value = "1"; VariantName = "[No Variations]"
Added Component: Designator=C8(RAD-0.2)
Add component (AddParameter): Name = "Manufacturer"; Value = ""; VariantName = "[No Variations]"
Add component (AddParameter): Name = "Package Type"; Value = ""; VariantName = "[No Variations]"
Add component (AddParameter): Name = "PartNumber"; Value = ""; VariantName = "[No Variations]"
Add component (AddParameter): Name = "Value"; Value = "1"; VariantName = "[No Variations]"
Added Component: Designator=C9(RAD-0.2)
Add component (AddParameter): Name = "Manufacturer"; Value = ""; VariantName = "[No Variations]"
Add component (AddParameter): Name = "Package Type"; Value = ""; VariantName = "[No Variations]"
Add component (AddParameter): Name = "PartNumber"; Value = ""; VariantName = "[No Variations]"
Add component (AddParameter): Name = "Value"; Value = "1"; VariantName = "[No Variations]"
Added Component: Designator=C10(RAD-0.2)
Add component (AddParameter): Name = "Manufacturer"; Value = ""; VariantName = "[No Variations]"
Add component (AddParameter): Name = "Package Type"; Value = ""; VariantName = "[No Variations]"
Add component (AddParameter): Name = "PartNumber"; Value = ""; VariantName = "[No Variations]"
Add component (AddParameter): Name = "Value"; Value = "1"; VariantName = "[No Variations]"
Added Component: Designator=C11(RAD-0.2)
Add component (AddParameter): Name = "Manufacturer"; Value = ""; VariantName = "[No Variations]"
Add component (AddParameter): Name = "Package Type"; Value = ""; VariantName = "[No Variations]"
Add component (AddParameter): Name = "PartNumber"; Value = ""; VariantName = "[No Variations]"
Add component (AddParameter): Name = "Value"; Value = "1"; VariantName = "[No Variations]"
Added Component: Designator=C12(RAD-0.2)
Add component (AddParameter): Name = "Manufacturer"; Value = ""; VariantName = "[No Variations]"
Add component (AddParameter): Name = "Package Type"; Value = ""; VariantName = "[No Variations]"
Add component (AddParameter): Name = "PartNumber"; Value = ""; VariantName = "[No Variations]"
Add component (AddParameter): Name = "Value"; Value = "1"; VariantName = "[No Variations]"
Added Component: Designator=C13(RAD-0.2)
Add component (AddParameter): Name = "Manufacturer"; Value = ""; VariantName = "[No Variations]"
Add component (AddParameter): Name = "Package Type"; Value = ""; VariantName = "[No Variations]"
Add component (AddParameter): Name = "PartNumber"; Value = ""; VariantName = "[No Variations]"
Add component (AddParameter): Name = "Value"; Value = "1"; VariantName = "[No Variations]"
Added Component: Designator=C14(RAD-0.2)
Add component (AddParameter): Name = "Manufacturer"; Value = ""; VariantName = "[No Variations]"
Add component (AddParameter): Name = "Package Type"; Value = ""; VariantName = "[No Variations]"
Add component (AddParameter): Name = "PartNumber"; Value = ""; VariantName = "[No Variations]"
Add component (AddParameter): Name = "Value"; Value = "1"; VariantName = "[No Variations]"
Added Component: Designator=C15(RAD-0.2)
Add component (AddParameter): Name = "Manufacturer"; Value = ""; VariantName = "[No Variations]"
Add component (AddParameter): Name = "Package Type"; Value = ""; VariantName = "[No Variations]"
Add component (AddParameter): Name = "PartNumber"; Value = ""; VariantName = "[No Variations]"
Add component (AddParameter): Name = "Value"; Value = "1"; VariantName = "[No Variations]"
Added Component: Designator=C16(RAD-0.2)
Add component (AddParameter): Name = "Manufacturer"; Value = ""; VariantName = "[No Variations]"
Add component (AddParameter): Name = "Package Type"; Value = ""; VariantName = "[No Variations]"
Add component (AddParameter): Name = "PartNumber"; Value = ""; VariantName = "[No Variations]"
Add component (AddParameter): Name = "Value"; Value = "1"; VariantName = "[No Variations]"
Added Component: Designator=C17(RAD-0.2)
Add component (AddParameter): Name = "Manufacturer"; Value = ""; VariantName = "[No Variations]"
Add component (AddParameter): Name = "Package Type"; Value = ""; VariantName = "[No Variations]"
Add component (AddParameter): Name = "PartNumber"; Value = ""; VariantName = "[No Variations]"
Add component (AddParameter): Name = "Value"; Value = "1"; VariantName = "[No Variations]"
Added Component: Designator=C18(RAD-0.2)
Add component (AddParameter): Name = "Manufacturer"; Value = ""; VariantName = "[No Variations]"
Add component (AddParameter): Name = "Package Type"; Value = ""; VariantName = "[No Variations]"
Add component (AddParameter): Name = "PartNumber"; Value = ""; VariantName = "[No Variations]"
Add component (AddParameter): Name = "Value"; Value = "1"; VariantName = "[No Variations]"
Added Component: Designator=D1(DIODE-1N400X)
Add component (AddParameter): Name = "Manufacturer"; Value = ""; VariantName = "[No Variations]"
Add component (AddParameter): Name = "Package Type"; Value = ""; VariantName = "[No Variations]"
Add component (AddParameter): Name = "PartNumber"; Value = ""; VariantName = "[No Variations]"
Added Component: Designator=D2(DIODE-1N400X)
Add component (AddParameter): Name = "Manufacturer"; Value = ""; VariantName = "[No Variations]"
Add component (AddParameter): Name = "Package Type"; Value = ""; VariantName = "[No Variations]"
Add component (AddParameter): Name = "PartNumber"; Value = ""; VariantName = "[No Variations]"
Added Component: Designator=D3(DIODE-1N400X)
Add component (AddParameter): Name = "Manufacturer"; Value = ""; VariantName = "[No Variations]"
Add component (AddParameter): Name = "Package Type"; Value = ""; VariantName = "[No Variations]"
Add component (AddParameter): Name = "PartNumber"; Value = ""; VariantName = "[No Variations]"
Added Component: Designator=D4(DIODE-1N400X)
Add component (AddParameter): Name = "Manufacturer"; Value = ""; VariantName = "[No Variations]"
Add component (AddParameter): Name = "Package Type"; Value = ""; VariantName = "[No Variations]"
Add component (AddParameter): Name = "PartNumber"; Value = ""; VariantName = "[No Variations]"
Added Component: Designator=D5(DO-41)
Add component (AddParameter): Name = "Code_JEDEC"; Value = "DO-204-AL"; VariantName = "[No Variations]"
Add component (AddParameter): Name = "ComponentLink1Description"; Value = "Manufacturer Link"; VariantName = "[No Variations]"
Add component (AddParameter): Name = "ComponentLink1URL"; Value = "http://www.fairchildsemi.com/"; VariantName = "[No Variations]"
Add component (AddParameter): Name = "ComponentLink2Description"; Value = "Datasheet"; VariantName = "[No Variations]"
Add component (AddParameter): Name = "ComponentLink2URL"; Value = "http://www.fairchildsemi.com/ds/1N%2F1N4001.pdf"; VariantName = "[No Variations]"
Add component (AddParameter): Name = "DatasheetVersion"; Value = "1998"; VariantName = "[No Variations]"
Add component (AddParameter): Name = "LatestRevisionDate"; Value = "17-Jul-2002"; VariantName = "[No Variations]"
Add component (AddParameter): Name = "LatestRevisionNote"; Value = "Re-released for DXP Platform."; VariantName = "[No Variations]"
Add component (AddParameter): Name = "PackageDescription"; Value = "Diode, Axial; Body 5.2 x 2.7 mm (LxDia. max), Lead Dia. 0.86 mm (max)"; VariantName = "[No Variations]"
Add component (AddParameter): Name = "PackageReference"; Value = "DO-41"; VariantName = "[No Variations]"
Add component (AddParameter): Name = "PackageVersion"; Value = "Aug-1999"; VariantName = "[No Variations]"
Add component (AddParameter): Name = "Published"; Value = "8-Jun-2000"; VariantName = "[No Variations]"
Add component (AddParameter): Name = "Publisher"; Value = "Altium Limited"; VariantName = "[No Variations]"
Added Component: Designator=D6(DIODE-SIGNAL)
Add component (AddParameter): Name = "Manufacturer"; Value = ""; VariantName = "[No Variations]"
Add component (AddParameter): Name = "Package Type"; Value = ""; VariantName = "[No Variations]"
Add component (AddParameter): Name = "PartNumber"; Value = ""; VariantName = "[No Variations]"
Added Component: Designator=D7(DIODE-SIGNAL)
Add component (AddParameter): Name = "Manufacturer"; Value = ""; VariantName = "[No Variations]"
Add component (AddParameter): Name = "Package Type"; Value = ""; VariantName = "[No Variations]"
Add component (AddParameter): Name = "PartNumber"; Value = ""; VariantName = "[No Variations]"
Added Component: Designator=D8(DIODE-SIGNAL)
Add component (AddParameter): Name = "Manufacturer"; Value = ""; VariantName = "[No Variations]"
Add component (AddParameter): Name = "Package Type"; Value = ""; VariantName = "[No Variations]"
Add component (AddParameter): Name = "PartNumber"; Value = ""; VariantName = "[No Variations]"
Added Component: Designator=P1(HDR1X3)
Add component (AddParameter): Name = "LatestRevisionDate"; Value = "17-Jul-2002"; VariantName = "[No Variations]"
Add component (AddParameter): Name = "LatestRevisionNote"; Value = "Re-released for DXP Platform."; VariantName = "[No Variations]"
Add component (AddParameter): Name = "Publisher"; Value = "Altium Limited"; VariantName = "[No Variations]"
Added Component: Designator=P2(HDR1X10)
Add component (AddParameter): Name = "LatestRevisionDate"; Value = "17-Jul-2002"; VariantName = "[No Variations]"
Add component (AddParameter): Name = "LatestRevisionNote"; Value = "Re-released for DXP Platform."; VariantName = "[No Variations]"
Add component (AddParameter): Name = "Publisher"; Value = "Altium Limited"; VariantName = "[No Variations]"
Added Component: Designator=P3(HDR1X3)
Add component (AddParameter): Name = "LatestRevisionDate"; Value = "17-Jul-2002"; VariantName = "[No Variations]"
Add component (AddParameter): Name = "LatestRevisionNote"; Value = "Re-released for DXP Platform."; VariantName = "[No Variations]"
Add component (AddParameter): Name = "Publisher"; Value = "Altium Limited"; VariantName = "[No Variations]"
Added Component: Designator=P4(HDR1X3)
Add component (AddParameter): Name = "LatestRevisionDate"; Value = "17-Jul-2002"; VariantName = "[No Variations]"
Add component (AddParameter): Name = "LatestRevisionNote"; Value = "Re-released for DXP Platform."; VariantName = "[No Variations]"
Add component (AddParameter): Name = "Publisher"; Value = "Altium Limited"; VariantName = "[No Variations]"
Added Component: Designator=P5(HDR1X3)
Add component (AddParameter): Name = "LatestRevisionDate"; Value = "17-Jul-2002"; VariantName = "[No Variations]"
Add component (AddParameter): Name = "LatestRevisionNote"; Value = "Re-released for DXP Platform."; VariantName = "[No Variations]"
Add component (AddParameter): Name = "Publisher"; Value = "Altium Limited"; VariantName = "[No Variations]"
Added Component: Designator=P6(HDR1X3)
Add component (AddParameter): Name = "LatestRevisionDate"; Value = "17-Jul-2002"; VariantName = "[No Variations]"
Add component (AddParameter): Name = "LatestRevisionNote"; Value = "Re-released for DXP Platform."; VariantName = "[No Variations]"
Add component (AddParameter): Name = "Publisher"; Value = "Altium Limited"; VariantName = "[No Variations]"
Added Component: Designator=R1(AXIAL-0.4)
Add component (AddParameter): Name = "Manufacturer"; Value = ""; VariantName = "[No Variations]"
Add component (AddParameter): Name = "Package Type"; Value = ""; VariantName = "[No Variations]"
Add component (AddParameter): Name = "PartNumber"; Value = ""; VariantName = "[No Variations]"
Add component (AddParameter): Name = "Value"; Value = "0"; VariantName = "[No Variations]"
Added Component: Designator=R2(AXIAL-0.4)
Add component (AddParameter): Name = "Manufacturer"; Value = ""; VariantName = "[No Variations]"
Add component (AddParameter): Name = "Package Type"; Value = ""; VariantName = "[No Variations]"
Add component (AddParameter): Name = "PartNumber"; Value = ""; VariantName = "[No Variations]"
Add component (AddParameter): Name = "Value"; Value = "0"; VariantName = "[No Variations]"
Added Component: Designator=R3(AXIAL-0.4)
Add component (AddParameter): Name = "Manufacturer"; Value = ""; VariantName = "[No Variations]"
Add component (AddParameter): Name = "Package Type"; Value = ""; VariantName = "[No Variations]"
Add component (AddParameter): Name = "PartNumber"; Value = ""; VariantName = "[No Variations]"
Add component (AddParameter): Name = "Value"; Value = "0"; VariantName = "[No Variations]"
Added Component: Designator=R4(VR1)
Add component (AddParameter): Name = "Manufacturer"; Value = ""; VariantName = "[No Variations]"
Add component (AddParameter): Name = "Package Type"; Value = ""; VariantName = "[No Variations]"
Add component (AddParameter): Name = "PartNumber"; Value = ""; VariantName = "[No Variations]"
Add component (AddParameter): Name = "Set Position"; Value = ""; VariantName = "[No Variations]"
Add component (AddParameter): Name = "Value"; Value = ""; VariantName = "[No Variations]"
Added Component: Designator=R5(AXIAL-0.4)
Add component (AddParameter): Name = "Manufacturer"; Value = ""; VariantName = "[No Variations]"
Add component (AddParameter): Name = "Package Type"; Value = ""; VariantName = "[No Variations]"
Add component (AddParameter): Name = "PartNumber"; Value = ""; VariantName = "[No Variations]"
Add component (AddParameter): Name = "Value"; Value = "0"; VariantName = "[No Variations]"
Added Component: Designator=R6(VR1)
Add component (AddParameter): Name = "Manufacturer"; Value = ""; VariantName = "[No Variations]"
Add component (AddParameter): Name = "Package Type"; Value = ""; VariantName = "[No Variations]"
Add component (AddParameter): Name = "PartNumber"; Value = ""; VariantName = "[No Variations]"
Add component (AddParameter): Name = "Set Position"; Value = ""; VariantName = "[No Variations]"
Add component (AddParameter): Name = "Value"; Value = ""; VariantName = "[No Variations]"
Added Component: Designator=R7(AXIAL-0.4)
Add component (AddParameter): Name = "Manufacturer"; Value = ""; VariantName = "[No Variations]"
Add component (AddParameter): Name = "Package Type"; Value = ""; VariantName = "[No Variations]"
Add component (AddParameter): Name = "PartNumber"; Value = ""; VariantName = "[No Variations]"
Add component (AddParameter): Name = "Value"; Value = "0"; VariantName = "[No Variations]"
Added Component: Designator=R8(AXIAL-0.4)
Add component (AddParameter): Name = "Manufacturer"; Value = ""; VariantName = "[No Variations]"
Add component (AddParameter): Name = "Package Type"; Value = ""; VariantName = "[No Variations]"
Add component (AddParameter): Name = "PartNumber"; Value = ""; VariantName = "[No Variations]"
Add component (AddParameter): Name = "Value"; Value = "0"; VariantName = "[No Variations]"
Added Component: Designator=R9(AXIAL-0.4)
Add component (AddParameter): Name = "Manufacturer"; Value = ""; VariantName = "[No Variations]"
Add component (AddParameter): Name = "Package Type"; Value = ""; VariantName = "[No Variations]"
Add component (AddParameter): Name = "PartNumber"; Value = ""; VariantName = "[No Variations]"
Add component (AddParameter): Name = "Value"; Value = "0"; VariantName = "[No Variations]"
Added Component: Designator=R10(AXIAL-0.4)
Add component (AddParameter): Name = "Manufacturer"; Value = ""; VariantName = "[No Variations]"
Add component (AddParameter): Name = "Package Type"; Value = ""; VariantName = "[No Variations]"
Add component (AddParameter): Name = "PartNumber"; Value = ""; VariantName = "[No Variations]"
Add component (AddParameter): Name = "Value"; Value = "0"; VariantName = "[No Variations]"
Added Component: Designator=R11(AXIAL-0.4)
Add component (AddParameter): Name = "Manufacturer"; Value = ""; VariantName = "[No Variations]"
Add component (AddParameter): Name = "Package Type"; Value = ""; VariantName = "[No Variations]"
Add component (AddParameter): Name = "PartNumber"; Value = ""; VariantName = "[No Variations]"
Add component (AddParameter): Name = "Value"; Value = "0"; VariantName = "[No Variations]"
Added Component: Designator=R12(AXIAL-0.4)
Add component (AddParameter): Name = "Manufacturer"; Value = ""; VariantName = "[No Variations]"
Add component (AddParameter): Name = "Package Type"; Value = ""; VariantName = "[No Variations]"
Add component (AddParameter): Name = "PartNumber"; Value = ""; VariantName = "[No Variations]"
Add component (AddParameter): Name = "Value"; Value = "0"; VariantName = "[No Variations]"
Added Component: Designator=U1(PDIP300-P18)
Add component (AddParameter): Name = "Code_JEDEC"; Value = "MS-001"; VariantName = "[No Variations]"
Add component (AddParameter): Name = "ComponentLink1Description"; Value = "Datasheet"; VariantName = "[No Variations]"
Add component (AddParameter): Name = "ComponentLink1URL"; Value = "http://ww1.microchip.com/downloads/en/DeviceDoc/39605F.pdf"; VariantName = "[No Variations]"
Add component (AddParameter): Name = "ComponentLink2Description"; Value = "Packaging Specification"; VariantName = "[No Variations]"
Add component (AddParameter): Name = "ComponentLink2URL"; Value = "http://www.microchip.com/stellent/groups/techpub_sg/documents/packagingspec/en012702.pdf"; VariantName = "[No Variations]"
Add component (AddParameter): Name = "ComponentLink3Description"; Value = "Microchip.com Home"; VariantName = "[No Variations]"
Add component (AddParameter): Name = "ComponentLink3URL"; Value = "http://www.microchip.com/"; VariantName = "[No Variations]"
Add component (AddParameter): Name = "DatasheetVersion"; Value = "revF, Feb-2007"; VariantName = "[No Variations]"
Add component (AddParameter): Name = "LatestRevisionDate"; Value = "29-Jan-2009"; VariantName = "[No Variations]"
Add component (AddParameter): Name = "LatestRevisionNote"; Value = "Sch. layout revised. 3D Model Removed."; VariantName = "[No Variations]"
Add component (AddParameter): Name = "PackageDescription"; Value = "18-Lead Plastic Dual In-Line (P) - 300 mil Body [PDIP]"; VariantName = "[No Variations]"
Add component (AddParameter): Name = "PackageReference"; Value = "PDIP300-P18"; VariantName = "[No Variations]"
Add component (AddParameter): Name = "PackageVersion"; Value = "revBB, Aug-2009"; VariantName = "[No Variations]"
Add component (AddParameter): Name = "Published"; Value = "11-Oct-2004"; VariantName = "[No Variations]"
Add component (AddParameter): Name = "Publisher"; Value = "Altium Limited"; VariantName = "[No Variations]"
Add component (AddParameter): Name = "Supplier 1"; Value = "Digi-Key"; VariantName = "[No Variations]"
Add component (AddParameter): Name = "Supplier 2"; Value = "Farnell"; VariantName = "[No Variations]"
Add component (AddParameter): Name = "Supplier 3"; Value = "Farnell"; VariantName = "[No Variations]"
Add component (AddParameter): Name = "Supplier Part Number 1"; Value = "PIC18F1220-I/P-ND"; VariantName = "[No Variations]"
Add component (AddParameter): Name = "Supplier Part Number 2"; Value = "9761977"; VariantName = "[No Variations]"
Add component (AddParameter): Name = "Supplier Part Number 3"; Value = "9771450"; VariantName = "[No Variations]"
Added Component: Designator=U2(T03B)
Add component (AddParameter): Name = "ComponentLink1Description"; Value = "LM340 Datasheet"; VariantName = "[No Variations]"
Add component (AddParameter): Name = "ComponentLink1URL"; Value = "http://www.national.com/ds/LM/LM340.pdf"; VariantName = "[No Variations]"
Add component (AddParameter): Name = "ComponentLink2Description"; Value = "LM340 Web Page"; VariantName = "[No Variations]"
Add component (AddParameter): Name = "ComponentLink2URL"; Value = "http://www.national.com/pf/LM/LM340.html"; VariantName = "[No Variations]"
Add component (AddParameter): Name = "ComponentLink3Description"; Value = "T03B Package Page"; VariantName = "[No Variations]"
Add component (AddParameter): Name = "ComponentLink3URL"; Value = "http://www.national.com/packaging/folders/t03b.html"; VariantName = "[No Variations]"
Add component (AddParameter): Name = "CompType"; Value = "LDO IC"; VariantName = "[No Variations]"
Add component (AddParameter): Name = "DatasheetVersion"; Value = "Jul-2006"; VariantName = "[No Variations]"
Add component (AddParameter): Name = "Manufacturer"; Value = "National Semiconductor"; VariantName = "[No Variations]"
Add component (AddParameter): Name = "PackageDescription"; Value = "TO-220, Molded, 3 Lead, Straight"; VariantName = "[No Variations]"
Add component (AddParameter): Name = "PackageReference"; Value = "T03B"; VariantName = "[No Variations]"
Add component (AddParameter): Name = "PackageTopMarking"; Value = "NSUZXYTTE#*LM7808CT"; VariantName = "[No Variations]"
Add component (AddParameter): Name = "PackageVersion"; Value = "revL, Jan-1992"; VariantName = "[No Variations]"
Add component (AddParameter): Name = "PartNumber"; Value = "LM7808CT"; VariantName = "[No Variations]"
Add component (AddParameter): Name = "PinCount"; Value = "3"; VariantName = "[No Variations]"
Add component (AddParameter): Name = "Published"; Value = "4-Dec-2008"; VariantName = "[No Variations]"
Add component (AddParameter): Name = "Publisher"; Value = "Altium Limited"; VariantName = "[No Variations]"
Add component (AddParameter): Name = "RoHS"; Value = "O"; VariantName = "[No Variations]"
Add component (AddParameter): Name = "Supplier 1"; Value = "Farnell"; VariantName = "[No Variations]"
Add component (AddParameter): Name = "Supplier Part Number 1"; Value = "9490248"; VariantName = "[No Variations]"
Added Component: Designator=U3(T03B)
Add component (AddParameter): Name = "ComponentLink1Description"; Value = "LM340 Datasheet"; VariantName = "[No Variations]"
Add component (AddParameter): Name = "ComponentLink1URL"; Value = "http://www.national.com/ds/LM/LM340.pdf"; VariantName = "[No Variations]"
Add component (AddParameter): Name = "ComponentLink2Description"; Value = "LM340 Web Page"; VariantName = "[No Variations]"
Add component (AddParameter): Name = "ComponentLink2URL"; Value = "http://www.national.com/pf/LM/LM340.html"; VariantName = "[No Variations]"
Add component (AddParameter): Name = "ComponentLink3Description"; Value = "T03B Package Page"; VariantName = "[No Variations]"
Add component (AddParameter): Name = "ComponentLink3URL"; Value = "http://www.national.com/packaging/folders/t03b.html"; VariantName = "[No Variations]"
Add component (AddParameter): Name = "CompType"; Value = "LDO IC"; VariantName = "[No Variations]"
Add component (AddParameter): Name = "DatasheetVersion"; Value = "Jul-2006"; VariantName = "[No Variations]"
Add component (AddParameter): Name = "Manufacturer"; Value = "National Semiconductor"; VariantName = "[No Variations]"
Add component (AddParameter): Name = "PackageDescription"; Value = "TO-220, Molded, 3 Lead, Straight"; VariantName = "[No Variations]"
Add component (AddParameter): Name = "PackageReference"; Value = "T03B"; VariantName = "[No Variations]"
Add component (AddParameter): Name = "PackageTopMarking"; Value = "NSUZXYTTE#*LM7808CT"; VariantName = "[No Variations]"
Add component (AddParameter): Name = "PackageVersion"; Value = "revL, Jan-1992"; VariantName = "[No Variations]"
Add component (AddParameter): Name = "PartNumber"; Value = "LM7808CT"; VariantName = "[No Variations]"
Add component (AddParameter): Name = "PinCount"; Value = "3"; VariantName = "[No Variations]"
Add component (AddParameter): Name = "Published"; Value = "4-Dec-2008"; VariantName = "[No Variations]"
Add component (AddParameter): Name = "Publisher"; Value = "Altium Limited"; VariantName = "[No Variations]"
Add component (AddParameter): Name = "RoHS"; Value = "O"; VariantName = "[No Variations]"
Add component (AddParameter): Name = "Supplier 1"; Value = "Farnell"; VariantName = "[No Variations]"
Add component (AddParameter): Name = "Supplier Part Number 1"; Value = "9490248"; VariantName = "[No Variations]"
Added Component: Designator=U4(LP03)
Add component (AddParameter): Name = "Code_JEDEC"; Value = "TO-226-AA"; VariantName = "[No Variations]"
Add component (AddParameter): Name = "ComponentLink1Description"; Value = "Manufacturer Link"; VariantName = "[No Variations]"
Add component (AddParameter): Name = "ComponentLink1URL"; Value = "http://www.ti.com/"; VariantName = "[No Variations]"
Add component (AddParameter): Name = "ComponentLink2Description"; Value = "Datasheet"; VariantName = "[No Variations]"
Add component (AddParameter): Name = "ComponentLink2URL"; Value = "http://www-s.ti.com/sc/ds/tl431a.pdf"; VariantName = "[No Variations]"
Add component (AddParameter): Name = "DatasheetVersion"; Value = "Oct-2000"; VariantName = "[No Variations]"
Add component (AddParameter): Name = "LatestRevisionDate"; Value = "06-Jun-2005"; VariantName = "[No Variations]"
Add component (AddParameter): Name = "LatestRevisionNote"; Value = "Sch pins 1 & 3 swapped"; VariantName = "[No Variations]"
Add component (AddParameter): Name = "PackageDescription"; Value = "TO, Flat Index; 3 In-Line, Axial Leads; Body Dia. 4.8mm; Leads 0.56 x 0.41 mm (max)"; VariantName = "[No Variations]"
Add component (AddParameter): Name = "PackageReference"; Value = "LP03"; VariantName = "[No Variations]"
Add component (AddParameter): Name = "PackageVersion"; Value = "Nov-2001"; VariantName = "[No Variations]"
Add component (AddParameter): Name = "Published"; Value = "15-Apr-2002"; VariantName = "[No Variations]"
Add component (AddParameter): Name = "Publisher"; Value = "Altium Limited"; VariantName = "[No Variations]"
Added Component: Designator=U5(JG008)
Add component (AddParameter): Name = "ComponentLink1Description"; Value = "Manufacturer Link"; VariantName = "[No Variations]"
Add component (AddParameter): Name = "ComponentLink1URL"; Value = "http://www.ti.com/"; VariantName = "[No Variations]"
Add component (AddParameter): Name = "DatasheetVersion"; Value = "Aug-1988"; VariantName = "[No Variations]"
Add component (AddParameter): Name = "LatestRevisionDate"; Value = "04-Mar-2005"; VariantName = "[No Variations]"
Add component (AddParameter): Name = "LatestRevisionNote"; Value = "Stylized 3D Model Added."; VariantName = "[No Variations]"
Add component (AddParameter): Name = "PackageDescription"; Value = "DIP; 8 Leads; Row Spacing 7.62 mm; Pitch 2.54 mm"; VariantName = "[No Variations]"
Add component (AddParameter): Name = "PackageReference"; Value = "JG008"; VariantName = "[No Variations]"
Add component (AddParameter): Name = "PackageVersion"; Value = "Jan-1995"; VariantName = "[No Variations]"
Add component (AddParameter): Name = "Published"; Value = "15-Apr-2002"; VariantName = "[No Variations]"
Add component (AddParameter): Name = "Publisher"; Value = "Altium Limited"; VariantName = "[No Variations]"
Added Component: Designator=U6(JG008)
Add component (AddParameter): Name = "ComponentLink1Description"; Value = "Manufacturer Link"; VariantName = "[No Variations]"
Add component (AddParameter): Name = "ComponentLink1URL"; Value = "http://www.ti.com/"; VariantName = "[No Variations]"
Add component (AddParameter): Name = "DatasheetVersion"; Value = "Aug-1988"; VariantName = "[No Variations]"
Add component (AddParameter): Name = "LatestRevisionDate"; Value = "04-Mar-2005"; VariantName = "[No Variations]"
Add component (AddParameter): Name = "LatestRevisionNote"; Value = "Stylized 3D Model Added."; VariantName = "[No Variations]"
Add component (AddParameter): Name = "PackageDescription"; Value = "DIP; 8 Leads; Row Spacing 7.62 mm; Pitch 2.54 mm"; VariantName = "[No Variations]"
Add component (AddParameter): Name = "PackageReference"; Value = "JG008"; VariantName = "[No Variations]"
Add component (AddParameter): Name = "PackageVersion"; Value = "Jan-1995"; VariantName = "[No Variations]"
Add component (AddParameter): Name = "Published"; Value = "15-Apr-2002"; VariantName = "[No Variations]"
Add component (AddParameter): Name = "Publisher"; Value = "Altium Limited"; VariantName = "[No Variations]"
Added Component: Designator=U7(Z03A)
Add component (AddParameter): Name = "Code_JEDEC"; Value = "TO-226-AA"; VariantName = "[No Variations]"
Add component (AddParameter): Name = "ComponentLink1Description"; Value = "LM35 Datasheet"; VariantName = "[No Variations]"
Add component (AddParameter): Name = "ComponentLink1URL"; Value = "http://www.national.com/ds/LM/LM35.pdf"; VariantName = "[No Variations]"
Add component (AddParameter): Name = "ComponentLink2Description"; Value = "LM35 Web Page"; VariantName = "[No Variations]"
Add component (AddParameter): Name = "ComponentLink2URL"; Value = "http://www.national.com/pf/LM/LM35.html"; VariantName = "[No Variations]"
Add component (AddParameter): Name = "ComponentLink3Description"; Value = "Z03A Package Page"; VariantName = "[No Variations]"
Add component (AddParameter): Name = "ComponentLink3URL"; Value = "http://www.national.com/packaging/folders/z03a.html"; VariantName = "[No Variations]"
Add component (AddParameter): Name = "CompType"; Value = "Temp Sensor IC"; VariantName = "[No Variations]"
Add component (AddParameter): Name = "DatasheetVersion"; Value = "Nov-2000"; VariantName = "[No Variations]"
Add component (AddParameter): Name = "LatestRevisionDate"; Value = "15-Jul-2009"; VariantName = "[No Variations]"
Add component (AddParameter): Name = "LatestRevisionNote"; Value = "Sch pins 1 & 3 reversed."; VariantName = "[No Variations]"
Add component (AddParameter): Name = "Manufacturer"; Value = "National Semiconductor"; VariantName = "[No Variations]"
Add component (AddParameter): Name = "PackageDescription"; Value = "TO-92, Molded, 3 Lead"; VariantName = "[No Variations]"
Add component (AddParameter): Name = "PackageReference"; Value = "Z03A"; VariantName = "[No Variations]"
Add component (AddParameter): Name = "PackageTopMarking"; Value = "NSXYTT*LM35*CAZ"; VariantName = "[No Variations]"
Add component (AddParameter): Name = "PackageVersion"; Value = "revG, Sep-2000"; VariantName = "[No Variations]"
Add component (AddParameter): Name = "PartNumber"; Value = "LM35CAZ"; VariantName = "[No Variations]"
Add component (AddParameter): Name = "PinCount"; Value = "3"; VariantName = "[No Variations]"
Add component (AddParameter): Name = "PowerWise"; Value = "N"; VariantName = "[No Variations]"
Add component (AddParameter): Name = "Published"; Value = "4-Dec-2008"; VariantName = "[No Variations]"
Add component (AddParameter): Name = "Publisher"; Value = "Altium Limited"; VariantName = "[No Variations]"
Add component (AddParameter): Name = "RoHS"; Value = "N"; VariantName = "[No Variations]"
Add component (AddParameter): Name = "Supplier 1"; Value = "Farnell"; VariantName = "[No Variations]"
Add component (AddParameter): Name = "Supplier Part Number 1"; Value = "9494529"; VariantName = "[No Variations]"
Added Component: Designator=Y1(CRYSTAL-HC49S)
Add component (AddParameter): Name = "Manufacturer"; Value = ""; VariantName = "[No Variations]"
Add component (AddParameter): Name = "Package Type"; Value = ""; VariantName = "[No Variations]"
Add component (AddParameter): Name = "PartNumber"; Value = ""; VariantName = "[No Variations]"
Added Pin To Net: NetName=+12 Pin=C5-1
Added Pin To Net: NetName=+12 Pin=C6-1
Added Pin To Net: NetName=+12 Pin=C12-1
Added Pin To Net: NetName=+12 Pin=C13-1
Added Pin To Net: NetName=+12 Pin=C14-1
Added Pin To Net: NetName=+12 Pin=P3-1
Added Pin To Net: NetName=+12 Pin=R2-1
Added Pin To Net: NetName=+12 Pin=U2-3
Added Pin To Net: NetName=+12 Pin=U3-1
Added Pin To Net: NetName=+12 Pin=U5-8
Added Pin To Net: NetName=+12 Pin=U6-8
Added Net: Name=+12
Added Pin To Net: NetName=AD ref Pin=C11-1
Added Pin To Net: NetName=AD ref Pin=R2-2
Added Pin To Net: NetName=AD ref Pin=R4-1
Added Pin To Net: NetName=AD ref Pin=U1-7
Added Pin To Net: NetName=AD ref Pin=U4-3
Added Net: Name=AD ref
Added Pin To Net: NetName=GND Pin=C1-2
Added Pin To Net: NetName=GND Pin=C2-2
Added Pin To Net: NetName=GND Pin=C3-2
Added Pin To Net: NetName=GND Pin=C4-2
Added Pin To Net: NetName=GND Pin=C5-2
Added Pin To Net: NetName=GND Pin=C6-2
Added Pin To Net: NetName=GND Pin=C7-2
Added Pin To Net: NetName=GND Pin=C8-1
Added Pin To Net: NetName=GND Pin=C9-1
Added Pin To Net: NetName=GND Pin=C10-1
Added Pin To Net: NetName=GND Pin=C11-2
Added Pin To Net: NetName=GND Pin=C12-2
Added Pin To Net: NetName=GND Pin=C13-2
Added Pin To Net: NetName=GND Pin=C14-2
Added Pin To Net: NetName=GND Pin=C15-2
Added Pin To Net: NetName=GND Pin=C16-2
Added Pin To Net: NetName=GND Pin=C17-2
Added Pin To Net: NetName=GND Pin=C18-2
Added Pin To Net: NetName=GND Pin=D1-1
Added Pin To Net: NetName=GND Pin=D3-1
Added Pin To Net: NetName=GND Pin=D6-1
Added Pin To Net: NetName=GND Pin=D7-1
Added Pin To Net: NetName=GND Pin=D8-1
Added Pin To Net: NetName=GND Pin=P2-8
Added Pin To Net: NetName=GND Pin=P2-9
Added Pin To Net: NetName=GND Pin=P2-10
Added Pin To Net: NetName=GND Pin=P3-3
Added Pin To Net: NetName=GND Pin=P4-3
Added Pin To Net: NetName=GND Pin=P5-3
Added Pin To Net: NetName=GND Pin=P6-3
Added Pin To Net: NetName=GND Pin=R3-1
Added Pin To Net: NetName=GND Pin=R5-1
Added Pin To Net: NetName=GND Pin=R7-1
Added Pin To Net: NetName=GND Pin=U1-3
Added Pin To Net: NetName=GND Pin=U1-5
Added Pin To Net: NetName=GND Pin=U2-2
Added Pin To Net: NetName=GND Pin=U3-2
Added Pin To Net: NetName=GND Pin=U4-2
Added Pin To Net: NetName=GND Pin=U5-4
Added Pin To Net: NetName=GND Pin=U6-4
Added Pin To Net: NetName=GND Pin=U7-3
Added Net: Name=GND
Added Pin To Net: NetName=LCD_D4 Pin=P2-1
Added Pin To Net: NetName=LCD_D4 Pin=U1-12
Added Net: Name=LCD_D4
Added Pin To Net: NetName=LCD_D5 Pin=P2-2
Added Pin To Net: NetName=LCD_D5 Pin=U1-9
Added Net: Name=LCD_D5
Added Pin To Net: NetName=LCD_D6 Pin=P2-3
Added Pin To Net: NetName=LCD_D6 Pin=U1-17
Added Net: Name=LCD_D6
Added Pin To Net: NetName=LCD_D7 Pin=P2-4
Added Pin To Net: NetName=LCD_D7 Pin=U1-18
Added Net: Name=LCD_D7
Added Pin To Net: NetName=LCD_EN Pin=P2-5
Added Pin To Net: NetName=LCD_EN Pin=U1-11
Added Net: Name=LCD_EN
Added Pin To Net: NetName=LCD_RS Pin=P2-6
Added Pin To Net: NetName=LCD_RS Pin=U1-10
Added Net: Name=LCD_RS
Added Pin To Net: NetName=NetC2_1 Pin=C2-1
Added Pin To Net: NetName=NetC2_1 Pin=C4-1
Added Pin To Net: NetName=NetC2_1 Pin=D2-2
Added Pin To Net: NetName=NetC2_1 Pin=D4-2
Added Pin To Net: NetName=NetC2_1 Pin=D5-2
Added Pin To Net: NetName=NetC2_1 Pin=U2-1
Added Net: Name=NetC2_1
Added Pin To Net: NetName=NetC15_1 Pin=C15-1
Added Pin To Net: NetName=NetC15_1 Pin=D6-2
Added Pin To Net: NetName=NetC15_1 Pin=R9-2
Added Pin To Net: NetName=NetC15_1 Pin=U1-1
Added Net: Name=NetC15_1
Added Pin To Net: NetName=NetC16_1 Pin=C16-1
Added Pin To Net: NetName=NetC16_1 Pin=D7-2
Added Pin To Net: NetName=NetC16_1 Pin=R10-2
Added Pin To Net: NetName=NetC16_1 Pin=U1-2
Added Net: Name=NetC16_1
Added Pin To Net: NetName=NetC17_1 Pin=C17-1
Added Pin To Net: NetName=NetC17_1 Pin=D8-2
Added Pin To Net: NetName=NetC17_1 Pin=R11-2
Added Pin To Net: NetName=NetC17_1 Pin=U1-8
Added Net: Name=NetC17_1
Added Pin To Net: NetName=NetC18_1 Pin=C18-1
Added Pin To Net: NetName=NetC18_1 Pin=R12-2
Added Pin To Net: NetName=NetC18_1 Pin=U1-6
Added Net: Name=NetC18_1
Added Pin To Net: NetName=NetD1_2 Pin=D1-2
Added Pin To Net: NetName=NetD1_2 Pin=D2-1
Added Pin To Net: NetName=NetD1_2 Pin=P1-1
Added Net: Name=NetD1_2
Added Pin To Net: NetName=NetD3_2 Pin=D3-2
Added Pin To Net: NetName=NetD3_2 Pin=D4-1
Added Pin To Net: NetName=NetD3_2 Pin=P1-3
Added Net: Name=NetD3_2
Added Pin To Net: NetName=NetP4_1 Pin=P4-1
Added Pin To Net: NetName=NetP4_1 Pin=R6-1
Added Net: Name=NetP4_1
Added Pin To Net: NetName=NetP5_1 Pin=P5-1
Added Pin To Net: NetName=NetP5_1 Pin=R8-2
Added Net: Name=NetP5_1
Added Pin To Net: NetName=NetP6_1 Pin=P6-1
Added Pin To Net: NetName=NetP6_1 Pin=U5-5
Added Net: Name=NetP6_1
Added Pin To Net: NetName=NetR3_2 Pin=R3-2
Added Pin To Net: NetName=NetR3_2 Pin=R4-2
Added Pin To Net: NetName=NetR3_2 Pin=R4-3
Added Pin To Net: NetName=NetR3_2 Pin=U4-1
Added Net: Name=NetR3_2
Added Pin To Net: NetName=NetR5_2 Pin=R5-2
Added Pin To Net: NetName=NetR5_2 Pin=R6-2
Added Pin To Net: NetName=NetR5_2 Pin=R6-3
Added Pin To Net: NetName=NetR5_2 Pin=U5-3
Added Net: Name=NetR5_2
Added Pin To Net: NetName=NetR7_2 Pin=R7-2
Added Pin To Net: NetName=NetR7_2 Pin=R8-1
Added Pin To Net: NetName=NetR7_2 Pin=U6-3
Added Net: Name=NetR7_2
Added Pin To Net: NetName=NetR9_1 Pin=R9-1
Added Pin To Net: NetName=NetR9_1 Pin=U5-1
Added Pin To Net: NetName=NetR9_1 Pin=U5-2
Added Net: Name=NetR9_1
Added Pin To Net: NetName=NetR10_1 Pin=R10-1
Added Pin To Net: NetName=NetR10_1 Pin=U5-6
Added Pin To Net: NetName=NetR10_1 Pin=U5-7
Added Net: Name=NetR10_1
Added Pin To Net: NetName=NetR11_1 Pin=R11-1
Added Pin To Net: NetName=NetR11_1 Pin=U6-1
Added Pin To Net: NetName=NetR11_1 Pin=U6-2
Added Net: Name=NetR11_1
Added Pin To Net: NetName=NetR12_1 Pin=R12-1
Added Pin To Net: NetName=NetR12_1 Pin=U7-2
Added Net: Name=NetR12_1
Added Pin To Net: NetName=OSC1 Pin=C9-2
Added Pin To Net: NetName=OSC1 Pin=U1-16
Added Pin To Net: NetName=OSC1 Pin=Y1-1
Added Net: Name=OSC1
Added Pin To Net: NetName=OSC2 Pin=C10-2
Added Pin To Net: NetName=OSC2 Pin=U1-15
Added Pin To Net: NetName=OSC2 Pin=Y1-2
Added Net: Name=OSC2
Added Pin To Net: NetName=PIC_RB7 Pin=P2-7
Added Pin To Net: NetName=PIC_RB7 Pin=U1-13
Added Net: Name=PIC_RB7
Added Pin To Net: NetName=RST Pin=C3-1
Added Pin To Net: NetName=RST Pin=R1-1
Added Pin To Net: NetName=RST Pin=U1-4
Added Net: Name=RST
Added Pin To Net: NetName=VCC Pin=C1-1
Added Pin To Net: NetName=VCC Pin=C7-1
Added Pin To Net: NetName=VCC Pin=C8-2
Added Pin To Net: NetName=VCC Pin=D5-1
Added Pin To Net: NetName=VCC Pin=R1-2
Added Pin To Net: NetName=VCC Pin=U1-14
Added Pin To Net: NetName=VCC Pin=U3-3
Added Pin To Net: NetName=VCC Pin=U7-1
Added Net: Name=VCC
Added Member To Class: ClassName=U_Sheet1 Member=Component C1 100nF
Added Member To Class: ClassName=U_Sheet1 Member=Component C2 2200 uF @25V
Added Member To Class: ClassName=U_Sheet1 Member=Component C3 100nF
Added Member To Class: ClassName=U_Sheet1 Member=Component C4 330nF
Added Member To Class: ClassName=U_Sheet1 Member=Component C5 100nF
Added Member To Class: ClassName=U_Sheet1 Member=Component C6 330nF
Added Member To Class: ClassName=U_Sheet1 Member=Component C7 100nF
Added Member To Class: ClassName=U_Sheet1 Member=Component C8 22pF
Added Member To Class: ClassName=U_Sheet1 Member=Component C9 22pF
Added Member To Class: ClassName=U_Sheet1 Member=Component C10 22pF
Added Member To Class: ClassName=U_Sheet1 Member=Component C11 100nF
Added Member To Class: ClassName=U_Sheet2 Member=Component C12 100n
Added Member To Class: ClassName=U_Sheet2 Member=Component C13 100n
Added Member To Class: ClassName=U_Sheet2 Member=Component C14 100n
Added Member To Class: ClassName=U_Sheet2 Member=Component C15 100n
Added Member To Class: ClassName=U_Sheet2 Member=Component C16 100n
Added Member To Class: ClassName=U_Sheet2 Member=Component C17 100n
Added Member To Class: ClassName=U_Sheet2 Member=Component C18 100n
Added Member To Class: ClassName=U_Sheet1 Member=Component D1 1N4007
Added Member To Class: ClassName=U_Sheet1 Member=Component D2 1N4007
Added Member To Class: ClassName=U_Sheet1 Member=Component D3 1N4007
Added Member To Class: ClassName=U_Sheet1 Member=Component D4 1N4007
Added Member To Class: ClassName=U_Sheet1 Member=Component D5 1N4007
Added Member To Class: ClassName=U_Sheet2 Member=Component D6 1N4733
Added Member To Class: ClassName=U_Sheet2 Member=Component D7 1N4733
Added Member To Class: ClassName=U_Sheet2 Member=Component D8 1N4733
Added Member To Class: ClassName=U_Sheet1 Member=Component P1 AC(IN)
Added Member To Class: ClassName=U_Sheet1 Member=Component P2 LCD 16x2
Added Member To Class: ClassName=U_Sheet1 Member=Component P3 FAN
Added Member To Class: ClassName=U_Sheet2 Member=Component P4 V var
Added Member To Class: ClassName=U_Sheet2 Member=Component P5 V fixed
Added Member To Class: ClassName=U_Sheet2 Member=Component P6 ACS712
Added Member To Class: ClassName=U_Sheet1 Member=Component R1 4k7
Added Member To Class: ClassName=U_Sheet1 Member=Component R2 150r
Added Member To Class: ClassName=U_Sheet1 Member=Component R3 12k
Added Member To Class: ClassName=U_Sheet1 Member=Component R4 24k
Added Member To Class: ClassName=U_Sheet2 Member=Component R5 6k8
Added Member To Class: ClassName=U_Sheet2 Member=Component R6 100k
Added Member To Class: ClassName=U_Sheet2 Member=Component R7 12k
Added Member To Class: ClassName=U_Sheet2 Member=Component R8 100k
Added Member To Class: ClassName=U_Sheet2 Member=Component R9 1k
Added Member To Class: ClassName=U_Sheet2 Member=Component R10 1k
Added Member To Class: ClassName=U_Sheet2 Member=Component R11 1k
Added Member To Class: ClassName=U_Sheet2 Member=Component R12 100
Added Member To Class: ClassName=U_Sheet1 Member=Component U1 PIC18F1220-I/P
Added Member To Class: ClassName=U_Sheet1 Member=Component U2 LM7812
Added Member To Class: ClassName=U_Sheet1 Member=Component U3 LM7805
Added Member To Class: ClassName=U_Sheet1 Member=Component U4 TL431ACLP
Added Member To Class: ClassName=U_Sheet2 Member=Component U5 LM358AJG
Added Member To Class: ClassName=U_Sheet2 Member=Component U6 LM358AJG
Added Member To Class: ClassName=U_Sheet2 Member=Component U7 LM35CAZ
Added Member To Class: ClassName=U_Sheet1 Member=Component Y1 10MHz
Added Room: Name=U_Sheet1
Added Room: Name=U_Sheet2
