Removed Pin From Net: NetName=LCD_D4 Pin=P2-1
Removed Pin From Net: NetName=LCD_D5 Pin=P2-2
Removed Pin From Net: NetName=LCD_D6 Pin=P2-3
Removed Pin From Net: NetName=LCD_D7 Pin=P2-4
Removed Pin From Net: NetName=LCD_EN Pin=P2-5
Removed Pin From Net: NetName=LCD_RS Pin=P2-6
Removed Pin From Net: NetName=PIC_RB7 Pin=P2-7
Added Pin To Net: NetName=LCD_D6 Pin=P2-1
Added Pin To Net: NetName=LCD_D7 Pin=P2-2
Added Pin To Net: NetName=LCD_D4 Pin=P2-3
Added Pin To Net: NetName=LCD_EN Pin=P2-4
Added Pin To Net: NetName=LCD_RS Pin=P2-5
Added Pin To Net: NetName=PIC_RB7 Pin=P2-6
Added Pin To Net: NetName=LCD_D5 Pin=P2-7
Added Member To Class: ClassName=U_Sheet2 Member=Component C12 100n
Added Member To Class: ClassName=U_Sheet2 Member=Component C13 100n
Added Member To Class: ClassName=U_Sheet1 Member=Component D2 1N4007
Added Member To Class: ClassName=U_Sheet1 Member=Component D4 1N4007
Added Member To Class: ClassName=U_Sheet2 Member=Component D7 1N4733
Added Member To Class: ClassName=U_Sheet1 Member=Component H1 Hole
Added Member To Class: ClassName=U_Sheet1 Member=Component H2 Hole
Added Member To Class: ClassName=U_Sheet1 Member=Component R3 24k
Added Member To Class: ClassName=U_Sheet2 Member=Component R5 100k
Added Member To Class: ClassName=U_Sheet2 Member=Component R8 12k
Added Member To Class: ClassName=U_Sheet2 Member=Component R10 1k
